<?xml version="1.0" encoding="UTF-8"?>
<!-- Generated by org.testng.reporters.JUnitXMLReporter -->
<testsuite ignored="1" hostname="Lenovo" failures="0" tests="6" name="Test" time="0.472" errors="0" timestamp="2023-02-08T11:13:06 GMT-08:00">
  <testcase classname="TestNgExample.TestCase1" name="test2" time="0.039"/>
  <testcase classname="TestNgExample.TestCase1" name="test1" time="0.099"/>
  <testcase classname="TestNgExample.TestCase2" name="test3" time="0.005"/>
  <testcase classname="TestNgExample.TestCase3" name="test" time="0.011"/>
  <testcase classname="TestNgExample.TestCase3" name="test" time="0.068"/>
  <testcase classname="TestNgExample.TestCase3" name="test" time="0.027"/>
  <testcase classname="TestNgExample.TestCase2" name="test" time="0.0">
    <ignored/>
  </testcase> <!-- test -->
</testsuite> <!-- Test -->
