<?xml version="1.0" encoding="UTF-8"?>
<testng-results ignored="0" total="1" passed="1" failed="0" skipped="0">
  <reporter-output>
  </reporter-output>
  <suite started-at="2023-02-15T11:07:29 GMT-08:00" name="Default suite" finished-at="2023-02-15T11:08:19 GMT-08:00" duration-ms="49380">
    <groups>
    </groups>
    <test started-at="2023-02-15T11:07:29 GMT-08:00" name="Default test" finished-at="2023-02-15T11:08:19 GMT-08:00" duration-ms="49380">
      <class name="advanceSelenium.Sample">
        <test-method signature="tset()[pri:0, instance:advanceSelenium.Sample@1677d1]" started-at="2023-02-15T11:07:30 GMT-08:00" name="tset" finished-at="2023-02-15T11:08:18 GMT-08:00" duration-ms="48886" status="PASS">
          <reporter-output>
          </reporter-output>
        </test-method> <!-- tset -->
      </class> <!-- advanceSelenium.Sample -->
    </test> <!-- Default test -->
  </suite> <!-- Default suite -->
</testng-results>
